This is pdfTeX, Version 3.14159265-2.6-1.40.20 (TeX Live 2019/W32TeX) (preloaded format=pdflatex 2019.8.17)  6 SEP 2019 12:34
entering extended mode
 restricted \write18 enabled.
 file:line:error style messages enabled.
 %&-line parsing enabled.
**section_publications.tex
(./section_publications.tex
LaTeX2e <2018-12-01>
./section_publications.tex:11: Undefined control sequence.
l.11 \sectionTitle
                  {ä¸“åˆ©å’Œè®ºæ–‡}{\faLeanpub}
The control sequence at the end of the top line
of your error message was never \def'ed. If you have
misspelled it (e.g., `\hobx'), type `I' and the correct
spelling (e.g., `I\hbox'). Otherwise just continue,
and I'll forget about whatever was undefined.


./section_publications.tex:11: Package inputenc Error: Unicode character ä¸“ (U+4E13)
(inputenc)                not set up for use with LaTeX.

See the inputenc package documentation for explanation.
Type  H <return>  for immediate help.
 ...                                              
                                                  
l.11 \sectionTitle{ä¸“
                      åˆ©å’Œè®ºæ–‡}{\faLeanpub}
You may provide a definition with
\DeclareUnicodeCharacter 


./section_publications.tex:11: Package inputenc Error: Unicode character åˆ© (U+5229)
(inputenc)                not set up for use with LaTeX.

See the inputenc package documentation for explanation.
Type  H <return>  for immediate help.
 ...                                              
                                                  
l.11 \sectionTitle{ä¸“åˆ©
                         å’Œè®ºæ–‡}{\faLeanpub}
You may provide a definition with
\DeclareUnicodeCharacter 


./section_publications.tex:11: Package inputenc Error: Unicode character å’Œ (U+548C)
(inputenc)                not set up for use with LaTeX.

See the inputenc package documentation for explanation.
Type  H <return>  for immediate help.
 ...                                              
                                                  
l.11 \sectionTitle{ä¸“åˆ©å’Œ
                            è®ºæ–‡}{\faLeanpub}
You may provide a definition with
\DeclareUnicodeCharacter 


./section_publications.tex:11: Package inputenc Error: Unicode character è®º (U+8BBA)
(inputenc)                not set up for use with LaTeX.

See the inputenc package documentation for explanation.
Type  H <return>  for immediate help.
 ...                                              
                                                  
l.11 \sectionTitle{ä¸“åˆ©å’Œè®º
                               æ–‡}{\faLeanpub}
You may provide a definition with
\DeclareUnicodeCharacter 


./section_publications.tex:11: Package inputenc Error: Unicode character æ–‡ (U+6587)
(inputenc)                not set up for use with LaTeX.

See the inputenc package documentation for explanation.
Type  H <return>  for immediate help.
 ...                                              
                                                  
l.11 \sectionTitle{ä¸“åˆ©å’Œè®ºæ–‡
                                  }{\faLeanpub}
You may provide a definition with
\DeclareUnicodeCharacter 

./section_publications.tex:11: Undefined control sequence.
l.11 \sectionTitle{ä¸“åˆ©å’Œè®ºæ–‡}{\faLeanpub
                                              }
The control sequence at the end of the top line
of your error message was never \def'ed. If you have
misspelled it (e.g., `\hobx'), type `I' and the correct
spelling (e.g., `I\hbox'). Otherwise just continue,
and I'll forget about whatever was undefined.


./section_publications.tex:13: LaTeX Error: Missing \begin{document}.

See the LaTeX manual or LaTeX Companion for explanation.
Type  H <return>  for immediate help.
 ...                                              
                                                  
l.13 \begin{itemize}
                    
You're in trouble here.  Try typing  <return>  to proceed.
If that doesn't work, type  X <return>  to quit.


Overfull \hbox (20.0pt too wide) in paragraph at lines 13--13
[] 
 []


./section_publications.tex:14: Package inputenc Error: Unicode character æ¨ (U+6768)
(inputenc)                not set up for use with LaTeX.

See the inputenc package documentation for explanation.
Type  H <return>  for immediate help.
 ...                                              
                                                  
l.14 	\item \textbf{æ¨å}
                           , æå–œæ—º,å¼ è‰³å‡, ``åŸºäºå·ç§¯ç¥ç»ç½‘ç»œ...
You may provide a definition with
\DeclareUnicodeCharacter 


./section_publications.tex:14: Package inputenc Error: Unicode character å (U+534E)
(inputenc)                not set up for use with LaTeX.

See the inputenc package documentation for explanation.
Type  H <return>  for immediate help.
 ...                                              
                                                  
l.14 	\item \textbf{æ¨å}
                           , æå–œæ—º,å¼ è‰³å‡, ``åŸºäºå·ç§¯ç¥ç»ç½‘ç»œ...
You may provide a definition with
\DeclareUnicodeCharacter 

Missing character: There is no , in font nullfont!

./section_publications.tex:14: Package inputenc Error: Unicode character æ (U+674E)
(inputenc)                not set up for use with LaTeX.

See the inputenc package documentation for explanation.
Type  H <return>  for immediate help.
 ...                                              
                                                  
l.14 	\item \textbf{æ¨å}, æ
                                å–œæ—º,å¼ è‰³å‡, ``åŸºäºå·ç§¯ç¥ç»ç½‘ç»œ...
You may provide a definition with
\DeclareUnicodeCharacter 


./section_publications.tex:14: Package inputenc Error: Unicode character å–œ (U+559C)
(inputenc)                not set up for use with LaTeX.

See the inputenc package documentation for explanation.
Type  H <return>  for immediate help.
 ...                                              
                                                  
l.14 	\item \textbf{æ¨å}, æå–œ
                                   æ—º,å¼ è‰³å‡, ``åŸºäºå·ç§¯ç¥ç»ç½‘ç»œ...
You may provide a definition with
\DeclareUnicodeCharacter 


./section_publications.tex:14: Package inputenc Error: Unicode character æ—º (U+65FA)
(inputenc)                not set up for use with LaTeX.

See the inputenc package documentation for explanation.
Type  H <return>  for immediate help.
 ...                                              
                                                  
l.14 	\item \textbf{æ¨å}, æå–œæ—º
                                      ,å¼ è‰³å‡, ``åŸºäºå·ç§¯ç¥ç»ç½‘ç»œ...
You may provide a definition with
\DeclareUnicodeCharacter 

Missing character: There is no , in font nullfont!

./section_publications.tex:14: Package inputenc Error: Unicode character å¼  (U+5F20)
(inputenc)                not set up for use with LaTeX.

See the inputenc package documentation for explanation.
Type  H <return>  for immediate help.
 ...                                              
                                                  
l.14 	\item \textbf{æ¨å}, æå–œæ—º,å¼ 
                                          è‰³å‡, ``åŸºäºå·ç§¯ç¥ç»ç½‘ç»œ...
You may provide a definition with
\DeclareUnicodeCharacter 


./section_publications.tex:14: Package inputenc Error: Unicode character è‰³ (U+8273)
(inputenc)                not set up for use with LaTeX.

See the inputenc package documentation for explanation.
Type  H <return>  for immediate help.
 ...                                              
                                                  
l.14 	\item \textbf{æ¨å}, æå–œæ—º,å¼ è‰³
                                             å‡, ``åŸºäºå·ç§¯ç¥ç»ç½‘ç»œ...
You may provide a definition with
\DeclareUnicodeCharacter 


./section_publications.tex:14: Package inputenc Error: Unicode character å‡ (U+5347)
(inputenc)                not set up for use with LaTeX.

See the inputenc package documentation for explanation.
Type  H <return>  for immediate help.
 ...                                              
                                                  
l.14 	\item \textbf{æ¨å}, æå–œæ—º,å¼ è‰³å‡
                                                , ``åŸºäºå·ç§¯ç¥ç»ç½‘ç»œ...
You may provide a definition with
\DeclareUnicodeCharacter 

Missing character: There is no , in font nullfont!
Missing character: There is no ` in font nullfont!
Missing character: There is no ` in font nullfont!

./section_publications.tex:14: Package inputenc Error: Unicode character åŸº (U+57FA)
(inputenc)                not set up for use with LaTeX.

See the inputenc package documentation for explanation.
Type  H <return>  for immediate help.
 ...                                              
                                                  
l.14 ...textbf{æ¨å}, æå–œæ—º,å¼ è‰³å‡, ``åŸº
                                                  äºå·ç§¯ç¥ç»ç½‘ç»œçš„å·...
You may provide a definition with
\DeclareUnicodeCharacter 


./section_publications.tex:14: Package inputenc Error: Unicode character äº (U+4E8E)
(inputenc)                not set up for use with LaTeX.

See the inputenc package documentation for explanation.
Type  H <return>  for immediate help.
 ...                                              
                                                  
l.14 ...tbf{æ¨å}, æå–œæ—º,å¼ è‰³å‡, ``åŸºäº
                                                  å·ç§¯ç¥ç»ç½‘ç»œçš„å·¥æ...
You may provide a definition with
\DeclareUnicodeCharacter 


./section_publications.tex:14: Package inputenc Error: Unicode character å· (U+5377)
(inputenc)                not set up for use with LaTeX.

See the inputenc package documentation for explanation.
Type  H <return>  for immediate help.
 ...                                              
                                                  
l.14 ...{æ¨å}, æå–œæ—º,å¼ è‰³å‡, ``åŸºäºå·
                                                  ç§¯ç¥ç»ç½‘ç»œçš„å·¥æ§ç½...
You may provide a definition with
\DeclareUnicodeCharacter 


./section_publications.tex:14: Package inputenc Error: Unicode character ç§¯ (U+79EF)
(inputenc)                not set up for use with LaTeX.

See the inputenc package documentation for explanation.
Type  H <return>  for immediate help.
 ...                                              
                                                  
l.14 ...¨å}, æå–œæ—º,å¼ è‰³å‡, ``åŸºäºå·ç§¯
                                                  ç¥ç»ç½‘ç»œçš„å·¥æ§ç½‘ç»...
You may provide a definition with
\DeclareUnicodeCharacter 


./section_publications.tex:14: Package inputenc Error: Unicode character ç¥ (U+795E)
(inputenc)                not set up for use with LaTeX.

See the inputenc package documentation for explanation.
Type  H <return>  for immediate help.
 ...                                              
                                                  
l.14 ...}, æå–œæ—º,å¼ è‰³å‡, ``åŸºäºå·ç§¯ç¥
                                                  ç»ç½‘ç»œçš„å·¥æ§ç½‘ç»œå¼...
You may provide a definition with
\DeclareUnicodeCharacter 


./section_publications.tex:14: Package inputenc Error: Unicode character ç» (U+7ECF)
(inputenc)                not set up for use with LaTeX.

See the inputenc package documentation for explanation.
Type  H <return>  for immediate help.
 ...                                              
                                                  
l.14 ... æå–œæ—º,å¼ è‰³å‡, ``åŸºäºå·ç§¯ç¥ç»
                                                  ç½‘ç»œçš„å·¥æ§ç½‘ç»œå¼‚å¸...
You may provide a definition with
\DeclareUnicodeCharacter 


./section_publications.tex:14: Package inputenc Error: Unicode character ç½‘ (U+7F51)
(inputenc)                not set up for use with LaTeX.

See the inputenc package documentation for explanation.
Type  H <return>  for immediate help.
 ...                                              
                                                  
l.14 ...å–œæ—º,å¼ è‰³å‡, ``åŸºäºå·ç§¯ç¥ç»ç½‘
                                                  ç»œçš„å·¥æ§ç½‘ç»œå¼‚å¸¸æµ...
You may provide a definition with
\DeclareUnicodeCharacter 


./section_publications.tex:14: Package inputenc Error: Unicode character ç»œ (U+7EDC)
(inputenc)                not set up for use with LaTeX.

See the inputenc package documentation for explanation.
Type  H <return>  for immediate help.
 ...                                              
                                                  
l.14 ...œæ—º,å¼ è‰³å‡, ``åŸºäºå·ç§¯ç¥ç»ç½‘ç»œ
                                                  çš„å·¥æ§ç½‘ç»œå¼‚å¸¸æµé‡...
You may provide a definition with
\DeclareUnicodeCharacter 


./section_publications.tex:14: Package inputenc Error: Unicode character çš„ (U+7684)
(inputenc)                not set up for use with LaTeX.

See the inputenc package documentation for explanation.
Type  H <return>  for immediate help.
 ...                                              
                                                  
l.14 ...º,å¼ è‰³å‡, ``åŸºäºå·ç§¯ç¥ç»ç½‘ç»œçš„
                                                  å·¥æ§ç½‘ç»œå¼‚å¸¸æµé‡è¯...
You may provide a definition with
\DeclareUnicodeCharacter 


./section_publications.tex:14: Package inputenc Error: Unicode character å·¥ (U+5DE5)
(inputenc)                not set up for use with LaTeX.

See the inputenc package documentation for explanation.
Type  H <return>  for immediate help.
 ...                                              
                                                  
l.14 ...¼ è‰³å‡, ``åŸºäºå·ç§¯ç¥ç»ç½‘ç»œçš„å·¥
                                                  æ§ç½‘ç»œå¼‚å¸¸æµé‡è¯†åˆ...
You may provide a definition with
\DeclareUnicodeCharacter 


./section_publications.tex:14: Package inputenc Error: Unicode character æ§ (U+63A7)
(inputenc)                not set up for use with LaTeX.

See the inputenc package documentation for explanation.
Type  H <return>  for immediate help.
 ...                                              
                                                  
l.14 ...‰³å‡, ``åŸºäºå·ç§¯ç¥ç»ç½‘ç»œçš„å·¥æ§
                                                  ç½‘ç»œå¼‚å¸¸æµé‡è¯†åˆ«''\\
You may provide a definition with
\DeclareUnicodeCharacter 


./section_publications.tex:14: Package inputenc Error: Unicode character ç½‘ (U+7F51)
(inputenc)                not set up for use with LaTeX.

See the inputenc package documentation for explanation.
Type  H <return>  for immediate help.
 ...                                              
                                                  
l.14 ...‡, ``åŸºäºå·ç§¯ç¥ç»ç½‘ç»œçš„å·¥æ§ç½‘
                                                  ç»œå¼‚å¸¸æµé‡è¯†åˆ«''\\
You may provide a definition with
\DeclareUnicodeCharacter 


./section_publications.tex:14: Package inputenc Error: Unicode character ç»œ (U+7EDC)
(inputenc)                not set up for use with LaTeX.

See the inputenc package documentation for explanation.
Type  H <return>  for immediate help.
 ...                                              
                                                  
l.14 ... ``åŸºäºå·ç§¯ç¥ç»ç½‘ç»œçš„å·¥æ§ç½‘ç»œ
                                                  å¼‚å¸¸æµé‡è¯†åˆ«''\\
You may provide a definition with
\DeclareUnicodeCharacter 


./section_publications.tex:14: Package inputenc Error: Unicode character å¼‚ (U+5F02)
(inputenc)                not set up for use with LaTeX.

See the inputenc package documentation for explanation.
Type  H <return>  for immediate help.
 ...                                              
                                                  
l.14 ...åŸºäºå·ç§¯ç¥ç»ç½‘ç»œçš„å·¥æ§ç½‘ç»œå¼‚
                                                  å¸¸æµé‡è¯†åˆ«''\\
You may provide a definition with
\DeclareUnicodeCharacter 


./section_publications.tex:14: Package inputenc Error: Unicode character å¸¸ (U+5E38)
(inputenc)                not set up for use with LaTeX.

See the inputenc package documentation for explanation.
Type  H <return>  for immediate help.
 ...                                              
                                                  
l.14 ...äºå·ç§¯ç¥ç»ç½‘ç»œçš„å·¥æ§ç½‘ç»œå¼‚å¸¸
                                                  æµé‡è¯†åˆ«''\\
You may provide a definition with
\DeclareUnicodeCharacter 


./section_publications.tex:14: Package inputenc Error: Unicode character æµ (U+6D41)
(inputenc)                not set up for use with LaTeX.

See the inputenc package documentation for explanation.
Type  H <return>  for immediate help.
 ...                                              
                                                  
l.14 ...å·ç§¯ç¥ç»ç½‘ç»œçš„å·¥æ§ç½‘ç»œå¼‚å¸¸æµ
                                                  é‡è¯†åˆ«''\\
You may provide a definition with
\DeclareUnicodeCharacter 


./section_publications.tex:14: Package inputenc Error: Unicode character é‡ (U+91CF)
(inputenc)                not set up for use with LaTeX.

See the inputenc package documentation for explanation.
Type  H <return>  for immediate help.
 ...                                              
                                                  
l.14 ...ç§¯ç¥ç»ç½‘ç»œçš„å·¥æ§ç½‘ç»œå¼‚å¸¸æµé‡
                                                  è¯†åˆ«''\\
You may provide a definition with
\DeclareUnicodeCharacter 


./section_publications.tex:14: Package inputenc Error: Unicode character è¯† (U+8BC6)
(inputenc)                not set up for use with LaTeX.

See the inputenc package documentation for explanation.
Type  H <return>  for immediate help.
 ...                                              
                                                  
l.14 ...ç¥ç»ç½‘ç»œçš„å·¥æ§ç½‘ç»œå¼‚å¸¸æµé‡è¯†
                                                  åˆ«''\\
You may provide a definition with
\DeclareUnicodeCharacter 


./section_publications.tex:14: Package inputenc Error: Unicode character åˆ« (U+522B)
(inputenc)                not set up for use with LaTeX.

See the inputenc package documentation for explanation.
Type  H <return>  for immediate help.
 ...                                              
                                                  
l.14 ...ç»ç½‘ç»œçš„å·¥æ§ç½‘ç»œå¼‚å¸¸æµé‡è¯†åˆ«
                                                  ''\\
You may provide a definition with
\DeclareUnicodeCharacter 

Missing character: There is no ' in font nullfont!
Missing character: There is no ' in font nullfont!
./section_publications.tex:15: Undefined control sequence.
l.15 	 { \footnotesize
                       \tags{å·ç§¯ç¥ç»ç½‘ç»œ, 104è§„çº¦}}
The control sequence at the end of the top line
of your error message was never \def'ed. If you have
misspelled it (e.g., `\hobx'), type `I' and the correct
spelling (e.g., `I\hbox'). Otherwise just continue,
and I'll forget about whatever was undefined.

./section_publications.tex:15: Undefined control sequence.
l.15 	 { \footnotesize \tags
                            {å·ç§¯ç¥ç»ç½‘ç»œ, 104è§„çº¦}}
The control sequence at the end of the top line
of your error message was never \def'ed. If you have
misspelled it (e.g., `\hobx'), type `I' and the correct
spelling (e.g., `I\hbox'). Otherwise just continue,
and I'll forget about whatever was undefined.


./section_publications.tex:15: Package inputenc Error: Unicode character å· (U+5377)
(inputenc)                not set up for use with LaTeX.

See the inputenc package documentation for explanation.
Type  H <return>  for immediate help.
 ...                                              
                                                  
l.15 	 { \footnotesize \tags{å·
                                ç§¯ç¥ç»ç½‘ç»œ, 104è§„çº¦}}
You may provide a definition with
\DeclareUnicodeCharacter 


./section_publications.tex:15: Package inputenc Error: Unicode character ç§¯ (U+79EF)
(inputenc)                not set up for use with LaTeX.

See the inputenc package documentation for explanation.
Type  H <return>  for immediate help.
 ...                                              
                                                  
l.15 	 { \footnotesize \tags{å·ç§¯
                                   ç¥ç»ç½‘ç»œ, 104è§„çº¦}}
You may provide a definition with
\DeclareUnicodeCharacter 


./section_publications.tex:15: Package inputenc Error: Unicode character ç¥ (U+795E)
(inputenc)                not set up for use with LaTeX.

See the inputenc package documentation for explanation.
Type  H <return>  for immediate help.
 ...                                              
                                                  
l.15 	 { \footnotesize \tags{å·ç§¯ç¥
                                      ç»ç½‘ç»œ, 104è§„çº¦}}
You may provide a definition with
\DeclareUnicodeCharacter 


./section_publications.tex:15: Package inputenc Error: Unicode character ç» (U+7ECF)
(inputenc)                not set up for use with LaTeX.

See the inputenc package documentation for explanation.
Type  H <return>  for immediate help.
 ...                                              
                                                  
l.15 	 { \footnotesize \tags{å·ç§¯ç¥ç»
                                         ç½‘ç»œ, 104è§„çº¦}}
You may provide a definition with
\DeclareUnicodeCharacter 


./section_publications.tex:15: Package inputenc Error: Unicode character ç½‘ (U+7F51)
(inputenc)                not set up for use with LaTeX.

See the inputenc package documentation for explanation.
Type  H <return>  for immediate help.
 ...                                              
                                                  
l.15 	 { \footnotesize \tags{å·ç§¯ç¥ç»ç½‘
                                            ç»œ, 104è§„çº¦}}
You may provide a definition with
\DeclareUnicodeCharacter 


./section_publications.tex:15: Package inputenc Error: Unicode character ç»œ (U+7EDC)
(inputenc)                not set up for use with LaTeX.

See the inputenc package documentation for explanation.
Type  H <return>  for immediate help.
 ...                                              
                                                  
l.15 	 { \footnotesize \tags{å·ç§¯ç¥ç»ç½‘ç»œ
                                               , 104è§„çº¦}}
You may provide a definition with
\DeclareUnicodeCharacter 

Missing character: There is no , in font nullfont!
Missing character: There is no 1 in font nullfont!
Missing character: There is no 0 in font nullfont!
Missing character: There is no 4 in font nullfont!

./section_publications.tex:15: Package inputenc Error: Unicode character è§„ (U+89C4)
(inputenc)                not set up for use with LaTeX.

See the inputenc package documentation for explanation.
Type  H <return>  for immediate help.
 ...                                              
                                                  
l.15 ...tnotesize \tags{å·ç§¯ç¥ç»ç½‘ç»œ, 104è§„
                                                  çº¦}}
You may provide a definition with
\DeclareUnicodeCharacter 


./section_publications.tex:15: Package inputenc Error: Unicode character çº¦ (U+7EA6)
(inputenc)                not set up for use with LaTeX.

See the inputenc package documentation for explanation.
Type  H <return>  for immediate help.
 ...                                              
                                                  
l.15 ...tesize \tags{å·ç§¯ç¥ç»ç½‘ç»œ, 104è§„çº¦
                                                  }}
You may provide a definition with
\DeclareUnicodeCharacter 

Missing character: There is no , in font nullfont!
Missing character: There is no X in font nullfont!
Missing character: There is no i in font nullfont!
Missing character: There is no w in font nullfont!
Missing character: There is no a in font nullfont!
Missing character: There is no n in font nullfont!
Missing character: There is no g in font nullfont!
Missing character: There is no L in font nullfont!
Missing character: There is no i in font nullfont!
Missing character: There is no , in font nullfont!
Missing character: There is no ` in font nullfont!
Missing character: There is no ` in font nullfont!
Missing character: There is no R in font nullfont!
Missing character: There is no e in font nullfont!
Missing character: There is no s in font nullfont!
Missing character: There is no e in font nullfont!
Missing character: There is no a in font nullfont!
Missing character: There is no r in font nullfont!
Missing character: There is no c in font nullfont!
Missing character: There is no h in font nullfont!
Missing character: There is no o in font nullfont!
Missing character: There is no n in font nullfont!
Missing character: There is no I in font nullfont!
Missing character: There is no d in font nullfont!
Missing character: There is no e in font nullfont!
Missing character: There is no n in font nullfont!
Missing character: There is no t in font nullfont!
Missing character: There is no i in font nullfont!
Missing character: There is no f in font nullfont!
Missing character: There is no i in font nullfont!
Missing character: There is no c in font nullfont!
Missing character: There is no a in font nullfont!
Missing character: There is no t in font nullfont!
Missing character: There is no i in font nullfont!
Missing character: There is no o in font nullfont!
Missing character: There is no n in font nullfont!
Missing character: There is no a in font nullfont!
Missing character: There is no n in font nullfont!
Missing character: There is no d in font nullfont!
Missing character: There is no L in font nullfont!
Missing character: There is no o in font nullfont!
Missing character: There is no c in font nullfont!
Missing character: There is no a in font nullfont!
Missing character: There is no t in font nullfont!
Missing character: There is no i in font nullfont!
Missing character: There is no o in font nullfont!
Missing character: There is no n in font nullfont!
Missing character: There is no o in font nullfont!
Missing character: There is no f in font nullfont!
Missing character: There is no I in font nullfont!
Missing character: There is no T in font nullfont!
Missing character: There is no E in font nullfont!
Missing character: There is no q in font nullfont!
Missing character: There is no u in font nullfont!
Missing character: There is no i in font nullfont!
Missing character: There is no p in font nullfont!
Missing character: There is no m in font nullfont!
Missing character: There is no e in font nullfont!
Missing character: There is no n in font nullfont!
Missing character: There is no t in font nullfont!
Missing character: There is no B in font nullfont!
Missing character: There is no a in font nullfont!
Missing character: There is no s in font nullfont!
Missing character: There is no e in font nullfont!
Missing character: There is no d in font nullfont!
Missing character: There is no o in font nullfont!
Missing character: There is no n in font nullfont!
Missing character: There is no I in font nullfont!
Missing character: There is no m in font nullfont!
Missing character: There is no p in font nullfont!
Missing character: There is no r in font nullfont!
Missing character: There is no o in font nullfont!
Missing character: There is no v in font nullfont!
Missing character: There is no e in font nullfont!
Missing character: There is no d in font nullfont!
Missing character: There is no F in font nullfont!
Missing character: There is no a in font nullfont!
Missing character: There is no s in font nullfont!
Missing character: There is no t in font nullfont!
Missing character: There is no e in font nullfont!
Missing character: There is no r in font nullfont!
Missing character: There is no - in font nullfont!
Missing character: There is no r in font nullfont!
Missing character: There is no c in font nullfont!
Missing character: There is no n in font nullfont!
Missing character: There is no n in font nullfont!
Missing character: There is no ' in font nullfont!
Missing character: There is no ' in font nullfont!

./section_publications.tex:17: Package inputenc Error: Unicode character ï¼ˆ (U+FF08)
(inputenc)                not set up for use with LaTeX.

See the inputenc package documentation for explanation.
Type  H <return>  for immediate help.
 ...                                              
                                                  
l.17 ...uipment Based on Improved Faster-rcnn''ï¼ˆ
                                                  åœ¨æŠ•ï¼‰ \\
You may provide a definition with
\DeclareUnicodeCharacter 


./section_publications.tex:17: Package inputenc Error: Unicode character åœ¨ (U+5728)
(inputenc)                not set up for use with LaTeX.

See the inputenc package documentation for explanation.
Type  H <return>  for immediate help.
 ...                                              
                                                  
l.17 ...ment Based on Improved Faster-rcnn''ï¼ˆåœ¨
                                                  æŠ•ï¼‰ \\
You may provide a definition with
\DeclareUnicodeCharacter 


./section_publications.tex:17: Package inputenc Error: Unicode character æŠ• (U+6295)
(inputenc)                not set up for use with LaTeX.

See the inputenc package documentation for explanation.
Type  H <return>  for immediate help.
 ...                                              
                                                  
l.17 ...t Based on Improved Faster-rcnn''ï¼ˆåœ¨æŠ•
                                                  ï¼‰ \\
You may provide a definition with
\DeclareUnicodeCharacter 


./section_publications.tex:17: Package inputenc Error: Unicode character ï¼‰ (U+FF09)
(inputenc)                not set up for use with LaTeX.

See the inputenc package documentation for explanation.
Type  H <return>  for immediate help.
 ...                                              
                                                  
l.17 ...ased on Improved Faster-rcnn''ï¼ˆåœ¨æŠ•ï¼‰
                                                   \\
You may provide a definition with
\DeclareUnicodeCharacter 

./section_publications.tex:18: Undefined control sequence.
l.18 	 { \footnotesize
                       \tags{faster-rcnn,çº¿æ€§æ’å€¼,æ³¨æ„åŠ›æœºåˆ¶}}
The control sequence at the end of the top line
of your error message was never \def'ed. If you have
misspelled it (e.g., `\hobx'), type `I' and the correct
spelling (e.g., `I\hbox'). Otherwise just continue,
and I'll forget about whatever was undefined.

./section_publications.tex:18: Undefined control sequence.
l.18 	 { \footnotesize \tags
                            {faster-rcnn,çº¿æ€§æ’å€¼,æ³¨æ„åŠ›æœºåˆ¶}}
The control sequence at the end of the top line
of your error message was never \def'ed. If you have
misspelled it (e.g., `\hobx'), type `I' and the correct
spelling (e.g., `I\hbox'). Otherwise just continue,
and I'll forget about whatever was undefined.

Missing character: There is no f in font nullfont!
Missing character: There is no a in font nullfont!
Missing character: There is no s in font nullfont!
Missing character: There is no t in font nullfont!
Missing character: There is no e in font nullfont!
Missing character: There is no r in font nullfont!
Missing character: There is no - in font nullfont!
Missing character: There is no r in font nullfont!
Missing character: There is no c in font nullfont!
Missing character: There is no n in font nullfont!
Missing character: There is no n in font nullfont!
Missing character: There is no , in font nullfont!

./section_publications.tex:18: Package inputenc Error: Unicode character çº¿ (U+7EBF)
(inputenc)                not set up for use with LaTeX.

See the inputenc package documentation for explanation.
Type  H <return>  for immediate help.
 ...                                              
                                                  
l.18 	 { \footnotesize \tags{faster-rcnn,çº¿
                                            æ€§æ’å€¼,æ³¨æ„åŠ›æœºåˆ¶}}
You may provide a definition with
\DeclareUnicodeCharacter 


./section_publications.tex:18: Package inputenc Error: Unicode character æ€§ (U+6027)
(inputenc)                not set up for use with LaTeX.

See the inputenc package documentation for explanation.
Type  H <return>  for immediate help.
 ...                                              
                                                  
l.18 	 { \footnotesize \tags{faster-rcnn,çº¿æ€§
                                               æ’å€¼,æ³¨æ„åŠ›æœºåˆ¶}}
You may provide a definition with
\DeclareUnicodeCharacter 


./section_publications.tex:18: Package inputenc Error: Unicode character æ’ (U+63D2)
(inputenc)                not set up for use with LaTeX.

See the inputenc package documentation for explanation.
Type  H <return>  for immediate help.
 ...                                              
                                                  
l.18 	 { \footnotesize \tags{faster-rcnn,çº¿æ€§æ’
                                                  å€¼,æ³¨æ„åŠ›æœºåˆ¶}}
You may provide a definition with
\DeclareUnicodeCharacter 


./section_publications.tex:18: Package inputenc Error: Unicode character å€¼ (U+503C)
(inputenc)                not set up for use with LaTeX.

See the inputenc package documentation for explanation.
Type  H <return>  for immediate help.
 ...                                              
                                                  
l.18 ...ootnotesize \tags{faster-rcnn,çº¿æ€§æ’å€¼
                                                  ,æ³¨æ„åŠ›æœºåˆ¶}}
You may provide a definition with
\DeclareUnicodeCharacter 

Missing character: There is no , in font nullfont!

./section_publications.tex:18: Package inputenc Error: Unicode character æ³¨ (U+6CE8)
(inputenc)                not set up for use with LaTeX.

See the inputenc package documentation for explanation.
Type  H <return>  for immediate help.
 ...                                              
                                                  
l.18 ...otesize \tags{faster-rcnn,çº¿æ€§æ’å€¼,æ³¨
                                                  æ„åŠ›æœºåˆ¶}}
You may provide a definition with
\DeclareUnicodeCharacter 


./section_publications.tex:18: Package inputenc Error: Unicode character æ„ (U+610F)
(inputenc)                not set up for use with LaTeX.

See the inputenc package documentation for explanation.
Type  H <return>  for immediate help.
 ...                                              
                                                  
l.18 ...size \tags{faster-rcnn,çº¿æ€§æ’å€¼,æ³¨æ„
                                                  åŠ›æœºåˆ¶}}
You may provide a definition with
\DeclareUnicodeCharacter 


./section_publications.tex:18: Package inputenc Error: Unicode character åŠ› (U+529B)
(inputenc)                not set up for use with LaTeX.

See the inputenc package documentation for explanation.
Type  H <return>  for immediate help.
 ...                                              
                                                  
l.18 ...e \tags{faster-rcnn,çº¿æ€§æ’å€¼,æ³¨æ„åŠ›
                                                  æœºåˆ¶}}
You may provide a definition with
\DeclareUnicodeCharacter 


./section_publications.tex:18: Package inputenc Error: Unicode character æœº (U+673A)
(inputenc)                not set up for use with LaTeX.

See the inputenc package documentation for explanation.
Type  H <return>  for immediate help.
 ...                                              
                                                  
l.18 ...tags{faster-rcnn,çº¿æ€§æ’å€¼,æ³¨æ„åŠ›æœº
                                                  åˆ¶}}
You may provide a definition with
\DeclareUnicodeCharacter 


./section_publications.tex:18: Package inputenc Error: Unicode character åˆ¶ (U+5236)
(inputenc)                not set up for use with LaTeX.

See the inputenc package documentation for explanation.
Type  H <return>  for immediate help.
 ...                                              
                                                  
l.18 ...s{faster-rcnn,çº¿æ€§æ’å€¼,æ³¨æ„åŠ›æœºåˆ¶
                                                  }}
You may provide a definition with
\DeclareUnicodeCharacter 


Overfull \hbox (20.97903pt too wide) in paragraph at lines 16--21
\OT1/cmr/bx/n/10 Hua
 []


Overfull \hbox (25.46512pt too wide) in paragraph at lines 16--21
\OT1/cmr/bx/n/10 Yang
 []

)
! Emergency stop.
<*> section_publications.tex
                            
*** (job aborted, no legal \end found)

 
Here is how much of TeX's memory you used:
 55 strings out of 492609
 497 string characters out of 6132818
 57749 words of memory out of 5000000
 4075 multiletter control sequences out of 15000+600000
 3948 words of font info for 15 fonts, out of 8000000 for 9000
 1141 hyphenation exceptions out of 8191
 13i,1n,12p,151b,136s stack positions out of 5000i,500n,10000p,200000b,80000s
!  ==> Fatal error occurred, no output PDF file produced!
